# JRE version: Java(TM) SE Runtime Environment (8.0_111-b14) (build 1.8.0_111-b14)
# Java VM: Java HotSpot(TM) 64-Bit Server VM (25.111-b14 mixed mode windows-amd64 compressed oops)
Heap:
 PSYoungGen      total 107008K, used 17942K [0x00000000d6e00000, 0x00000000de300000, 0x0000000100000000)
  eden space 94720K, 5% used [0x00000000d6e00000,0x00000000d738c5e0,0x00000000dca80000)
  from space 12288K, 99% used [0x00000000dd700000,0x00000000de2f9280,0x00000000de300000)
  to   space 11264K, 0% used [0x00000000dca80000,0x00000000dca80000,0x00000000dd580000)
 ParOldGen       total 70656K, used 31601K [0x0000000084a00000, 0x0000000088f00000, 0x00000000d6e00000)
  object space 70656K, 44% used [0x0000000084a00000,0x00000000868dc540,0x0000000088f00000)
 Metaspace       used 24213K, capacity 24800K, committed 25008K, reserved 1071104K
  class space    used 2849K, capacity 2987K, committed 2992K, reserved 1048576K
GC Heap History (10 events):
Event: 90.701 GC heap before
{Heap before GC invocations=9 (full 0):
 PSYoungGen      total 71680K, used 70528K [0x00000000d6e00000, 0x00000000dc000000, 0x0000000100000000)
  eden space 60928K, 100% used [0x00000000d6e00000,0x00000000da980000,0x00000000da980000)
  from space 10752K, 89% used [0x00000000db480000,0x00000000dbde0000,0x00000000dbf00000)
  to   space 11264K, 0% used [0x00000000da980000,0x00000000da980000,0x00000000db480000)
 ParOldGen       total 84992K, used 13636K [0x0000000084a00000, 0x0000000089d00000, 0x00000000d6e00000)
  object space 84992K, 16% used [0x0000000084a00000,0x0000000085751200,0x0000000089d00000)
 Metaspace       used 16795K, capacity 17218K, committed 17408K, reserved 1064960K
  class space    used 1939K, capacity 2020K, committed 2048K, reserved 1048576K
Event: 90.725 GC heap after
Heap after GC invocations=9 (full 0):
 PSYoungGen      total 72192K, used 9248K [0x00000000d6e00000, 0x00000000de480000, 0x0000000100000000)
  eden space 60928K, 0% used [0x00000000d6e00000,0x00000000d6e00000,0x00000000da980000)
  from space 11264K, 82% used [0x00000000da980000,0x00000000db288000,0x00000000db480000)
  to   space 11776K, 0% used [0x00000000dd900000,0x00000000dd900000,0x00000000de480000)
 ParOldGen       total 84992K, used 17833K [0x0000000084a00000, 0x0000000089d00000, 0x00000000d6e00000)
  object space 84992K, 20% used [0x0000000084a00000,0x0000000085b6a558,0x0000000089d00000)
 Metaspace       used 16795K, capacity 17218K, committed 17408K, reserved 1064960K
  class space    used 1939K, capacity 2020K, committed 2048K, reserved 1048576K
}
Event: 101.359 GC heap before
{Heap before GC invocations=10 (full 0):
 PSYoungGen      total 72192K, used 70176K [0x00000000d6e00000, 0x00000000de480000, 0x0000000100000000)
  eden space 60928K, 100% used [0x00000000d6e00000,0x00000000da980000,0x00000000da980000)
  from space 11264K, 82% used [0x00000000da980000,0x00000000db288000,0x00000000db480000)
  to   space 11776K, 0% used [0x00000000dd900000,0x00000000dd900000,0x00000000de480000)
 ParOldGen       total 84992K, used 17833K [0x0000000084a00000, 0x0000000089d00000, 0x00000000d6e00000)
  object space 84992K, 20% used [0x0000000084a00000,0x0000000085b6a558,0x0000000089d00000)
 Metaspace       used 17742K, capacity 18290K, committed 18560K, reserved 1064960K
  class space    used 2036K, capacity 2164K, committed 2176K, reserved 1048576K
Event: 101.376 GC heap after
Heap after GC invocations=10 (full 0):
 PSYoungGen      total 67072K, used 7437K [0x00000000d6e00000, 0x00000000de080000, 0x0000000100000000)
  eden space 59392K, 0% used [0x00000000d6e00000,0x00000000d6e00000,0x00000000da800000)
  from space 7680K, 96% used [0x00000000dd900000,0x00000000de0437e8,0x00000000de080000)
  to   space 11264K, 0% used [0x00000000dca80000,0x00000000dca80000,0x00000000dd580000)
 ParOldGen       total 84992K, used 22801K [0x0000000084a00000, 0x0000000089d00000, 0x00000000d6e00000)
  object space 84992K, 26% used [0x0000000084a00000,0x0000000086044558,0x0000000089d00000)
 Metaspace       used 17742K, capacity 18290K, committed 18560K, reserved 1064960K
  class space    used 2036K, capacity 2164K, committed 2176K, reserved 1048576K
}
Event: 102.475 GC heap before
{Heap before GC invocations=11 (full 0):
 PSYoungGen      total 67072K, used 22847K [0x00000000d6e00000, 0x00000000de080000, 0x0000000100000000)
  eden space 59392K, 25% used [0x00000000d6e00000,0x00000000d7d0c670,0x00000000da800000)
  from space 7680K, 96% used [0x00000000dd900000,0x00000000de0437e8,0x00000000de080000)
  to   space 11264K, 0% used [0x00000000dca80000,0x00000000dca80000,0x00000000dd580000)
 ParOldGen       total 84992K, used 22801K [0x0000000084a00000, 0x0000000089d00000, 0x00000000d6e00000)
  object space 84992K, 26% used [0x0000000084a00000,0x0000000086044558,0x0000000089d00000)
 Metaspace       used 20686K, capacity 21226K, committed 21296K, reserved 1069056K
  class space    used 2440K, capacity 2588K, committed 2608K, reserved 1048576K
Event: 102.505 GC heap after
Heap after GC invocations=11 (full 0):
 PSYoungGen      total 105984K, used 1443K [0x00000000d6e00000, 0x00000000de300000, 0x0000000100000000)
  eden space 94720K, 0% used [0x00000000d6e00000,0x00000000d6e00000,0x00000000dca80000)
  from space 11264K, 12% used [0x00000000dca80000,0x00000000dcbe8c30,0x00000000dd580000)
  to   space 12288K, 0% used [0x00000000dd700000,0x00000000dd700000,0x00000000de300000)
 ParOldGen       total 84992K, used 29033K [0x0000000084a00000, 0x0000000089d00000, 0x00000000d6e00000)
  object space 84992K, 34% used [0x0000000084a00000,0x000000008665a558,0x0000000089d00000)
 Metaspace       used 20686K, capacity 21226K, committed 21296K, reserved 1069056K
  class space    used 2440K, capacity 2588K, committed 2608K, reserved 1048576K
}
Event: 102.505 GC heap before
{Heap before GC invocations=12 (full 1):
 PSYoungGen      total 105984K, used 1443K [0x00000000d6e00000, 0x00000000de300000, 0x0000000100000000)
  eden space 94720K, 0% used [0x00000000d6e00000,0x00000000d6e00000,0x00000000dca80000)
  from space 11264K, 12% used [0x00000000dca80000,0x00000000dcbe8c30,0x00000000dd580000)
  to   space 12288K, 0% used [0x00000000dd700000,0x00000000dd700000,0x00000000de300000)
 ParOldGen       total 84992K, used 29033K [0x0000000084a00000, 0x0000000089d00000, 0x00000000d6e00000)
  object space 84992K, 34% used [0x0000000084a00000,0x000000008665a558,0x0000000089d00000)
 Metaspace       used 20686K, capacity 21226K, committed 21296K, reserved 1069056K
  class space    used 2440K, capacity 2588K, committed 2608K, reserved 1048576K
Event: 102.860 GC heap after
Heap after GC invocations=12 (full 1):
 PSYoungGen      total 105984K, used 0K [0x00000000d6e00000, 0x00000000de300000, 0x0000000100000000)
  eden space 94720K, 0% used [0x00000000d6e00000,0x00000000d6e00000,0x00000000dca80000)
  from space 11264K, 0% used [0x00000000dca80000,0x00000000dca80000,0x00000000dd580000)
  to   space 12288K, 0% used [0x00000000dd700000,0x00000000dd700000,0x00000000de300000)
 ParOldGen       total 70656K, used 25241K [0x0000000084a00000, 0x0000000088f00000, 0x00000000d6e00000)
  object space 70656K, 35% used [0x0000000084a00000,0x00000000862a64b8,0x0000000088f00000)
 Metaspace       used 20686K, capacity 21226K, committed 21296K, reserved 1069056K
  class space    used 2440K, capacity 2588K, committed 2608K, reserved 1048576K
}
Event: 115.443 GC heap before
{Heap before GC invocations=13 (full 1):
 PSYoungGen      total 105984K, used 94720K [0x00000000d6e00000, 0x00000000de300000, 0x0000000100000000)
  eden space 94720K, 100% used [0x00000000d6e00000,0x00000000dca80000,0x00000000dca80000)
  from space 11264K, 0% used [0x00000000dca80000,0x00000000dca80000,0x00000000dd580000)
  to   space 12288K, 0% used [0x00000000dd700000,0x00000000dd700000,0x00000000de300000)
 ParOldGen       total 70656K, used 25241K [0x0000000084a00000, 0x0000000088f00000, 0x00000000d6e00000)
  object space 70656K, 35% used [0x0000000084a00000,0x00000000862a64b8,0x0000000088f00000)
 Metaspace       used 24192K, capacity 24794K, committed 25008K, reserved 1071104K
  class space    used 2848K, capacity 2986K, committed 2992K, reserved 1048576K
Event: 115.474 GC heap after
Heap after GC invocations=13 (full 1):
 PSYoungGen      total 107008K, used 12260K [0x00000000d6e00000, 0x00000000de300000, 0x0000000100000000)
  eden space 94720K, 0% used [0x00000000d6e00000,0x00000000d6e00000,0x00000000dca80000)
  from space 12288K, 99% used [0x00000000dd700000,0x00000000de2f9280,0x00000000de300000)
  to   space 11264K, 0% used [0x00000000dca80000,0x00000000dca80000,0x00000000dd580000)
 ParOldGen       total 70656K, used 31601K [0x0000000084a00000, 0x0000000088f00000, 0x00000000d6e00000)
  object space 70656K, 44% used [0x0000000084a00000,0x00000000868dc540,0x0000000088f00000)
 Metaspace       used 24192K, capacity 24794K, committed 25008K, reserved 1071104K
  class space    used 2848K, capacity 2986K, committed 2992K, reserved 1048576K
}

